<?xml version="1.0" encoding="UTF-8"?>
<testsuite xmlns:xsi="http://www.w3.org/2001/XMLSchema-instance" xsi:noNamespaceSchemaLocation="https://maven.apache.org/surefire/maven-surefire-plugin/xsd/surefire-test-report.xsd" name="hurraa.HurraaSovellusTest" time="0.082" tests="1" errors="0" skipped="0" failures="0">
  <properties>
    <property name="sun.desktop" value="windows"/>
    <property name="awt.toolkit" value="sun.awt.windows.WToolkit"/>
    <property name="java.specification.version" value="11"/>
    <property name="sun.cpu.isalist" value="amd64"/>
    <property name="sun.jnu.encoding" value="Cp1250"/>
    <property name="java.class.path" value="C:\Users\Thomas\Documents\NetBeansProjects\mooc-java-programming-ii\part14-Part14_08.Hurray\target\test-classes;C:\Users\Thomas\Documents\NetBeansProjects\mooc-java-programming-ii\part14-Part14_08.Hurray\target\classes;C:\Users\Thomas\.m2\repository\junit\junit\4.12\junit-4.12.jar;C:\Users\Thomas\.m2\repository\org\hamcrest\hamcrest-core\1.3\hamcrest-core-1.3.jar;C:\Users\Thomas\.m2\repository\fi\helsinki\cs\tmc\edu-test-utils\0.4.2\edu-test-utils-0.4.2.jar;C:\Users\Thomas\.m2\repository\org\testfx\testfx-junit\4.0.15-alpha\testfx-junit-4.0.15-alpha.jar;C:\Users\Thomas\.m2\repository\org\testfx\testfx-core\4.0.15-alpha\testfx-core-4.0.15-alpha.jar;C:\Users\Thomas\.m2\repository\org\assertj\assertj-core\3.11.1\assertj-core-3.11.1.jar;C:\Users\Thomas\.m2\repository\org\testfx\openjfx-monocle\jdk-11+26\openjfx-monocle-jdk-11+26.jar;C:\Users\Thomas\.m2\repository\org\openjfx\javafx-base\11-ea+25\javafx-base-11-ea+25-win.jar;C:\Users\Thomas\.m2\repository\org\openjfx\javafx-controls\11-ea+25\javafx-controls-11-ea+25-win.jar;C:\Users\Thomas\.m2\repository\org\openjfx\javafx-graphics\11-ea+25\javafx-graphics-11-ea+25-win.jar;C:\Users\Thomas\.m2\repository\org\openjfx\javafx-media\11.0.2\javafx-media-11.0.2.jar;C:\Users\Thomas\.m2\repository\org\openjfx\javafx-media\11.0.2\javafx-media-11.0.2-win.jar;C:\Users\Thomas\.m2\repository\org\openjfx\javafx-graphics\11.0.2\javafx-graphics-11.0.2.jar;C:\Users\Thomas\.m2\repository\org\openjfx\javafx-base\11.0.2\javafx-base-11.0.2.jar;C:\Users\Thomas\.m2\repository\org\openjfx\javafx-controls\11.0.2\javafx-controls-11.0.2.jar;"/>
    <property name="java.vm.vendor" value="Eclipse Adoptium"/>
    <property name="sun.arch.data.model" value="64"/>
    <property name="user.variant" value=""/>
    <property name="java.vendor.url" value="https://adoptium.net/"/>
    <property name="user.timezone" value="Europe/Prague"/>
    <property name="java.vm.specification.version" value="11"/>
    <property name="os.name" value="Windows 10"/>
    <property name="sun.java.launcher" value="SUN_STANDARD"/>
    <property name="user.country" value="SK"/>
    <property name="sun.boot.library.path" value="C:\Program Files\Java\jdk-11.0.18+10\bin"/>
    <property name="sun.java.command" value="C:\Users\Thomas\AppData\Local\Temp\surefire2088185504031796439\surefirebooter3148764339274930673.jar C:\Users\Thomas\AppData\Local\Temp\surefire2088185504031796439 2023-07-27T09-00-04_458-jvmRun1 surefire997537862786773725tmp surefire_0788713346140870336tmp"/>
    <property name="jdk.debug" value="release"/>
    <property name="surefire.test.class.path" value="C:\Users\Thomas\Documents\NetBeansProjects\mooc-java-programming-ii\part14-Part14_08.Hurray\target\test-classes;C:\Users\Thomas\Documents\NetBeansProjects\mooc-java-programming-ii\part14-Part14_08.Hurray\target\classes;C:\Users\Thomas\.m2\repository\junit\junit\4.12\junit-4.12.jar;C:\Users\Thomas\.m2\repository\org\hamcrest\hamcrest-core\1.3\hamcrest-core-1.3.jar;C:\Users\Thomas\.m2\repository\fi\helsinki\cs\tmc\edu-test-utils\0.4.2\edu-test-utils-0.4.2.jar;C:\Users\Thomas\.m2\repository\org\testfx\testfx-junit\4.0.15-alpha\testfx-junit-4.0.15-alpha.jar;C:\Users\Thomas\.m2\repository\org\testfx\testfx-core\4.0.15-alpha\testfx-core-4.0.15-alpha.jar;C:\Users\Thomas\.m2\repository\org\assertj\assertj-core\3.11.1\assertj-core-3.11.1.jar;C:\Users\Thomas\.m2\repository\org\testfx\openjfx-monocle\jdk-11+26\openjfx-monocle-jdk-11+26.jar;C:\Users\Thomas\.m2\repository\org\openjfx\javafx-base\11-ea+25\javafx-base-11-ea+25-win.jar;C:\Users\Thomas\.m2\repository\org\openjfx\javafx-controls\11-ea+25\javafx-controls-11-ea+25-win.jar;C:\Users\Thomas\.m2\repository\org\openjfx\javafx-graphics\11-ea+25\javafx-graphics-11-ea+25-win.jar;C:\Users\Thomas\.m2\repository\org\openjfx\javafx-media\11.0.2\javafx-media-11.0.2.jar;C:\Users\Thomas\.m2\repository\org\openjfx\javafx-media\11.0.2\javafx-media-11.0.2-win.jar;C:\Users\Thomas\.m2\repository\org\openjfx\javafx-graphics\11.0.2\javafx-graphics-11.0.2.jar;C:\Users\Thomas\.m2\repository\org\openjfx\javafx-base\11.0.2\javafx-base-11.0.2.jar;C:\Users\Thomas\.m2\repository\org\openjfx\javafx-controls\11.0.2\javafx-controls-11.0.2.jar;"/>
    <property name="sun.cpu.endian" value="little"/>
    <property name="user.home" value="C:\Users\Thomas"/>
    <property name="user.language" value="sk"/>
    <property name="java.specification.vendor" value="Oracle Corporation"/>
    <property name="java.version.date" value="2023-01-17"/>
    <property name="java.home" value="C:\Program Files\Java\jdk-11.0.18+10"/>
    <property name="file.separator" value="\"/>
    <property name="basedir" value="C:\Users\Thomas\Documents\NetBeansProjects\mooc-java-programming-ii\part14-Part14_08.Hurray"/>
    <property name="java.vm.compressedOopsMode" value="Zero based"/>
    <property name="line.separator" value="&#10;"/>
    <property name="java.specification.name" value="Java Platform API Specification"/>
    <property name="java.vm.specification.vendor" value="Oracle Corporation"/>
    <property name="java.awt.graphicsenv" value="sun.awt.Win32GraphicsEnvironment"/>
    <property name="surefire.real.class.path" value="C:\Users\Thomas\AppData\Local\Temp\surefire2088185504031796439\surefirebooter3148764339274930673.jar"/>
    <property name="jdk.net.URLClassPath.disableClassPathURLCheck" value="true"/>
    <property name="user.script" value=""/>
    <property name="sun.management.compiler" value="HotSpot 64-Bit Tiered Compilers"/>
    <property name="java.runtime.version" value="11.0.18+10"/>
    <property name="user.name" value="Thomas"/>
    <property name="path.separator" value=";"/>
    <property name="os.version" value="10.0"/>
    <property name="java.runtime.name" value="OpenJDK Runtime Environment"/>
    <property name="file.encoding" value="UTF-8"/>
    <property name="java.vm.name" value="OpenJDK 64-Bit Server VM"/>
    <property name="java.vendor.version" value="Temurin-11.0.18+10"/>
    <property name="localRepository" value="C:\Users\Thomas\.m2\repository"/>
    <property name="java.vendor.url.bug" value="https://github.com/adoptium/adoptium-support/issues"/>
    <property name="java.io.tmpdir" value="C:\Users\Thomas\AppData\Local\Temp\"/>
    <property name="java.version" value="11.0.18"/>
    <property name="user.dir" value="C:\Users\Thomas\Documents\NetBeansProjects\mooc-java-programming-ii\part14-Part14_08.Hurray"/>
    <property name="os.arch" value="amd64"/>
    <property name="java.vm.specification.name" value="Java Virtual Machine Specification"/>
    <property name="java.awt.printerjob" value="sun.awt.windows.WPrinterJob"/>
    <property name="sun.os.patch.level" value=""/>
    <property name="java.library.path" value="C:\Program Files\Java\jdk-11.0.18+10\bin;C:\WINDOWS\Sun\Java\bin;C:\WINDOWS\system32;C:\WINDOWS;C:\Program Files\BellSoft\LibericaJDK-17\bin\;C:\Program Files\Eclipse Adoptium\jdk-17.0.6.10-hotspot\bin;C:\Program Files\Common Files\Oracle\Java\javapath;C:\Program Files (x86)\Business Objects\Common\3.5\bin\NOTES\;C:\Program Files (x86)\Business Objects\Common\3.5\bin\NOTES\DATA\;C:\Program Files (x86)\Common Files\Oracle\Java\javapath;C:\ProgramData\Oracle\Java\javapath;C:\Program Files (x86)\Intel\iCLS Client\;C:\Program Files\Intel\iCLS Client\;C:\WINDOWS\system32;C:\WINDOWS;C:\WINDOWS\System32\Wbem;C:\WINDOWS\System32\WindowsPowerShell\v1.0\;C:\Program Files (x86)\Intel\Intel(R) Management Engine Components\DAL;C:\Program Files\Intel\Intel(R) Management Engine Components\DAL;C:\Program Files (x86)\Intel\Intel(R) Management Engine Components\IPT;C:\Program Files\Intel\Intel(R) Management Engine Components\IPT;C:\WINDOWS\System32\OpenSSH\;C:\Program Files\NVIDIA Corporation\NVIDIA NvDLISR;C:\WINDOWS\system32;C:\WINDOWS;C:\WINDOWS\System32\Wbem;C:\WINDOWS\System32\WindowsPowerShell\v1.0\;C:\WINDOWS\System32\OpenSSH\;C:\Program Files (x86)\NVIDIA Corporation\PhysX\Common;C:\Program Files\Microsoft VS Code\bin;C:\Program Files\Git\cmd;C:\Users\Thomas\AppData\Local\Programs\Python\Python311\Scripts\;C:\Users\Thomas\AppData\Local\Programs\Python\Python311\;C:\Users\Thomas\AppData\Local\Microsoft\WindowsApps;."/>
    <property name="java.vm.info" value="mixed mode"/>
    <property name="java.vendor" value="Eclipse Adoptium"/>
    <property name="java.vm.version" value="11.0.18+10"/>
    <property name="sun.io.unicode.encoding" value="UnicodeLittle"/>
    <property name="java.class.version" value="55.0"/>
  </properties>
  <testcase name="noTests" classname="hurraa.HurraaSovellusTest" time="0.002"/>
</testsuite>